{
  "RSpec": {
    "coverage": {
      "/Users/jennanichols/Ada/AdieCode/MyBackpack/app/controllers/trips_controller.rb": [
        1,
        null,
        1,
        0,
        0,
        null,
        null,
        1,
        0,
        null,
        null,
        null,
        null,
        0,
        null,
        null,
        1,
        0,
        null,
        null,
        1,
        0,
        0,
        0,
        null,
        null,
        1,
        null,
        1,
        0,
        null,
        null
      ],
      "/Users/jennanichols/Ada/AdieCode/MyBackpack/app/controllers/application_controller.rb": [
        1,
        null,
        null,
        1,
        null
      ]
    },
    "timestamp": 1451250961
  }
}
