{
  "RSpec": {
    "coverage": {
      "/Users/jennanichols/Ada/AdieCode/MyBackpack/app/controllers/trips_controller.rb": [
        1,
        null,
        1,
        1,
        1,
        null,
        null,
        1,
        1,
        null,
        null,
        null,
        null,
        1,
        null,
        null,
        1,
        1,
        null,
        null,
        1,
        1,
        1,
        1,
        null,
        null,
        1,
        null,
        1,
        3,
        null,
        null
      ],
      "/Users/jennanichols/Ada/AdieCode/MyBackpack/app/controllers/application_controller.rb": [
        1,
        null,
        null,
        1,
        null
      ],
      "/Users/jennanichols/Ada/AdieCode/MyBackpack/app/models/hike.rb": [
        1,
        1,
        1,
        null
      ],
      "/Users/jennanichols/Ada/AdieCode/MyBackpack/app/models/hiker.rb": [
        1,
        1,
        1,
        null
      ],
      "/Users/jennanichols/Ada/AdieCode/MyBackpack/app/models/trip.rb": [
        1,
        1,
        1,
        null
      ]
    },
    "timestamp": 1451253489
  }
}
